[2m2026-02-02T12:15:31.424745Z[0m [32m INFO[0m [2munified_server[0m[2m:[0m 🚀 Starting StreamHouse Unified Server
[2m2026-02-02T12:15:31.424969Z[0m [32m INFO[0m [2munified_server[0m[2m:[0m 📦 Initializing PostgreSQL metadata store
[2m2026-02-02T12:15:31.445499Z[0m [32m INFO[0m [2msqlx::postgres::notice[0m[2m:[0m relation "_sqlx_migrations" already exists, skipping
[2m2026-02-02T12:15:31.449698Z[0m [32m INFO[0m [2munified_server[0m[2m:[0m ☁️  Initializing object store (bucket: streamhouse)
[2m2026-02-02T12:15:31.450334Z[0m [32m INFO[0m [2munified_server[0m[2m:[0m    Using custom S3 endpoint: http://localhost:9000
[2m2026-02-02T12:15:31.450351Z[0m [32m INFO[0m [2mobject_store::aws::builder[0m[2m:[0m Using Static credential provider
[2m2026-02-02T12:15:31.680719Z[0m [32m INFO[0m [2munified_server[0m[2m:[0m 💾 Initializing cache at ./data/cache (max size: 1073741824 bytes)
[2m2026-02-02T12:15:31.680928Z[0m [32m INFO[0m [2munified_server[0m[2m:[0m S3 throttling protection enabled
[2m2026-02-02T12:15:31.681112Z[0m [32m INFO[0m [2munified_server[0m[2m:[0m ✍️  Initializing writer pool
[2m2026-02-02T12:15:31.681138Z[0m [32m INFO[0m [2munified_server[0m[2m:[0m 🔄 Starting background flush thread (interval: 5s)
[2m2026-02-02T12:15:31.681176Z[0m [32m INFO[0m [2munified_server[0m[2m:[0m 🤖 Registering unified server as agent
[2m2026-02-02T12:15:31.690814Z[0m [32m INFO[0m [2munified_server[0m[2m:[0m    Registered as agent: unified-28397
[2m2026-02-02T12:15:31.691297Z[0m [32m INFO[0m [2munified_server[0m[2m:[0m 🔄 Partition assignment background task started
[2m2026-02-02T12:15:31.692875Z[0m [32m INFO[0m [2munified_server[0m[2m:[0m 📋 Initializing Schema Registry
[2m2026-02-02T12:15:31.703676Z[0m [32m INFO[0m [2munified_server[0m[2m:[0m    Using PostgreSQL storage backend
[2m2026-02-02T12:15:31.707397Z[0m [32m INFO[0m [2munified_server[0m[2m:[0m ✅ StreamHouse Unified Server starting
[2m2026-02-02T12:15:31.707415Z[0m [32m INFO[0m [2munified_server[0m[2m:[0m    gRPC:           0.0.0.0:50051
[2m2026-02-02T12:15:31.707493Z[0m [32m INFO[0m [2munified_server[0m[2m:[0m    REST API:       http://0.0.0.0:8080/api/v1
[2m2026-02-02T12:15:31.707928Z[0m [32m INFO[0m [2munified_server[0m[2m:[0m    Schema Registry: http://0.0.0.0:8080/schemas
[2m2026-02-02T12:15:31.707970Z[0m [32m INFO[0m [2munified_server[0m[2m:[0m    Web Console:    http://0.0.0.0:8080
[2m2026-02-02T12:15:31.708016Z[0m [32m INFO[0m [2munified_server[0m[2m:[0m    Health:         http://0.0.0.0:8080/health
[2m2026-02-02T12:15:31.708071Z[0m [32m INFO[0m [2munified_server[0m[2m:[0m    Metrics:        http://0.0.0.0:8080/metrics
[2m2026-02-02T12:15:31.708102Z[0m [32m INFO[0m [2munified_server[0m[2m:[0m 
[2m2026-02-02T12:15:31.708225Z[0m [32m INFO[0m [2munified_server[0m[2m:[0m Configuration:
[2m2026-02-02T12:15:31.708441Z[0m [32m INFO[0m [2munified_server[0m[2m:[0m    Bucket:         streamhouse
[2m2026-02-02T12:15:31.708465Z[0m [32m INFO[0m [2munified_server[0m[2m:[0m    Cache:          ./data/cache (1073741824 bytes)
[2m2026-02-02T12:15:31.708486Z[0m [32m INFO[0m [2munified_server[0m[2m:[0m    Flush interval: 5s
[2m2026-02-02T12:15:31.708497Z[0m [32m INFO[0m [2munified_server[0m[2m:[0m    Web console:    ./web/out
[2m2026-02-02T12:15:41.697520Z[0m [32m INFO[0m [2munified_server[0m[2m:[0m 📋 Managing 4 topics for partition assignment: ["inventory", "users", "orders", "events"]
[2m2026-02-02T12:15:41.698307Z[0m [32m INFO[0m [2mstreamhouse_agent::assigner[0m[2m:[0m Starting partition assigner [3magent_id[0m[2m=[0munified-28397 [3mtopics[0m[2m=[0m["inventory", "users", "orders", "events"] [3minterval_secs[0m[2m=[0m30
[2m2026-02-02T12:15:41.698694Z[0m [32m INFO[0m [2munified_server[0m[2m:[0m ✅ Partition assigner started for 4 topics
[2m2026-02-02T12:15:41.699488Z[0m [32m INFO[0m [2mstreamhouse_agent::assigner[0m[2m:[0m Rebalance task started [3magent_id[0m[2m=[0munified-28397 [3minterval_secs[0m[2m=[0m30
[2m2026-02-02T12:15:41.699534Z[0m [32m INFO[0m [2mstreamhouse_agent::lease_manager[0m[2m:[0m Lease renewal task started [3magent_id[0m[2m=[0munified-28397 [3minterval_seconds[0m[2m=[0m10
[2m2026-02-02T12:15:41.700027Z[0m [32m INFO[0m [2mstreamhouse_agent::lease_manager[0m[2m:[0m Lease renewal task started [3magent_id[0m[2m=[0munified-28397 [3minterval_seconds[0m[2m=[0m10
[2m2026-02-02T12:15:41.704820Z[0m [32m INFO[0m [2mstreamhouse_agent::assigner[0m[2m:[0m Topology changed, performing rebalance [3magent_id[0m[2m=[0munified-28397 [3magent_count[0m[2m=[0m1 [3magents[0m[2m=[0m["unified-28397"]
[2m2026-02-02T12:15:41.715989Z[0m [32m INFO[0m [2mstreamhouse_agent::lease_manager[0m[2m:[0m Acquired partition lease [3magent_id[0m[2m=[0munified-28397 [3mtopic[0m[2m=[0minventory [3mpartition_id[0m[2m=[0m0 [3mepoch[0m[2m=[0m1 [3mexpires_at[0m[2m=[0m1770034571710
[2m2026-02-02T12:15:41.716061Z[0m [32m INFO[0m [2mstreamhouse_agent::assigner[0m[2m:[0m Acquired partition [3magent_id[0m[2m=[0munified-28397 [3mtopic[0m[2m=[0minventory [3mpartition_id[0m[2m=[0m0 [3mepoch[0m[2m=[0m1
[2m2026-02-02T12:15:41.720141Z[0m [32m INFO[0m [2mstreamhouse_agent::lease_manager[0m[2m:[0m Acquired partition lease [3magent_id[0m[2m=[0munified-28397 [3mtopic[0m[2m=[0musers [3mpartition_id[0m[2m=[0m1 [3mepoch[0m[2m=[0m1 [3mexpires_at[0m[2m=[0m1770034571716
[2m2026-02-02T12:15:41.720185Z[0m [32m INFO[0m [2mstreamhouse_agent::assigner[0m[2m:[0m Acquired partition [3magent_id[0m[2m=[0munified-28397 [3mtopic[0m[2m=[0musers [3mpartition_id[0m[2m=[0m1 [3mepoch[0m[2m=[0m1
[2m2026-02-02T12:15:41.723887Z[0m [32m INFO[0m [2mstreamhouse_agent::lease_manager[0m[2m:[0m Acquired partition lease [3magent_id[0m[2m=[0munified-28397 [3mtopic[0m[2m=[0morders [3mpartition_id[0m[2m=[0m3 [3mepoch[0m[2m=[0m1 [3mexpires_at[0m[2m=[0m1770034571720
[2m2026-02-02T12:15:41.723922Z[0m [32m INFO[0m [2mstreamhouse_agent::assigner[0m[2m:[0m Acquired partition [3magent_id[0m[2m=[0munified-28397 [3mtopic[0m[2m=[0morders [3mpartition_id[0m[2m=[0m3 [3mepoch[0m[2m=[0m1
[2m2026-02-02T12:15:41.725975Z[0m [32m INFO[0m [2mstreamhouse_agent::lease_manager[0m[2m:[0m Acquired partition lease [3magent_id[0m[2m=[0munified-28397 [3mtopic[0m[2m=[0musers [3mpartition_id[0m[2m=[0m2 [3mepoch[0m[2m=[0m1 [3mexpires_at[0m[2m=[0m1770034571723
[2m2026-02-02T12:15:41.726001Z[0m [32m INFO[0m [2mstreamhouse_agent::assigner[0m[2m:[0m Acquired partition [3magent_id[0m[2m=[0munified-28397 [3mtopic[0m[2m=[0musers [3mpartition_id[0m[2m=[0m2 [3mepoch[0m[2m=[0m1
[2m2026-02-02T12:15:41.727358Z[0m [32m INFO[0m [2mstreamhouse_agent::lease_manager[0m[2m:[0m Acquired partition lease [3magent_id[0m[2m=[0munified-28397 [3mtopic[0m[2m=[0morders [3mpartition_id[0m[2m=[0m1 [3mepoch[0m[2m=[0m1 [3mexpires_at[0m[2m=[0m1770034571726
[2m2026-02-02T12:15:41.727373Z[0m [32m INFO[0m [2mstreamhouse_agent::assigner[0m[2m:[0m Acquired partition [3magent_id[0m[2m=[0munified-28397 [3mtopic[0m[2m=[0morders [3mpartition_id[0m[2m=[0m1 [3mepoch[0m[2m=[0m1
[2m2026-02-02T12:15:41.728754Z[0m [32m INFO[0m [2mstreamhouse_agent::lease_manager[0m[2m:[0m Acquired partition lease [3magent_id[0m[2m=[0munified-28397 [3mtopic[0m[2m=[0minventory [3mpartition_id[0m[2m=[0m3 [3mepoch[0m[2m=[0m1 [3mexpires_at[0m[2m=[0m1770034571727
[2m2026-02-02T12:15:41.728766Z[0m [32m INFO[0m [2mstreamhouse_agent::assigner[0m[2m:[0m Acquired partition [3magent_id[0m[2m=[0munified-28397 [3mtopic[0m[2m=[0minventory [3mpartition_id[0m[2m=[0m3 [3mepoch[0m[2m=[0m1
[2m2026-02-02T12:15:41.730033Z[0m [32m INFO[0m [2mstreamhouse_agent::lease_manager[0m[2m:[0m Acquired partition lease [3magent_id[0m[2m=[0munified-28397 [3mtopic[0m[2m=[0morders [3mpartition_id[0m[2m=[0m4 [3mepoch[0m[2m=[0m1 [3mexpires_at[0m[2m=[0m1770034571728
[2m2026-02-02T12:15:41.730059Z[0m [32m INFO[0m [2mstreamhouse_agent::assigner[0m[2m:[0m Acquired partition [3magent_id[0m[2m=[0munified-28397 [3mtopic[0m[2m=[0morders [3mpartition_id[0m[2m=[0m4 [3mepoch[0m[2m=[0m1
[2m2026-02-02T12:15:41.731248Z[0m [32m INFO[0m [2mstreamhouse_agent::lease_manager[0m[2m:[0m Acquired partition lease [3magent_id[0m[2m=[0munified-28397 [3mtopic[0m[2m=[0minventory [3mpartition_id[0m[2m=[0m1 [3mepoch[0m[2m=[0m1 [3mexpires_at[0m[2m=[0m1770034571730
[2m2026-02-02T12:15:41.731261Z[0m [32m INFO[0m [2mstreamhouse_agent::assigner[0m[2m:[0m Acquired partition [3magent_id[0m[2m=[0munified-28397 [3mtopic[0m[2m=[0minventory [3mpartition_id[0m[2m=[0m1 [3mepoch[0m[2m=[0m1
[2m2026-02-02T12:15:41.732490Z[0m [32m INFO[0m [2mstreamhouse_agent::lease_manager[0m[2m:[0m Acquired partition lease [3magent_id[0m[2m=[0munified-28397 [3mtopic[0m[2m=[0morders [3mpartition_id[0m[2m=[0m5 [3mepoch[0m[2m=[0m1 [3mexpires_at[0m[2m=[0m1770034571731
[2m2026-02-02T12:15:41.732517Z[0m [32m INFO[0m [2mstreamhouse_agent::assigner[0m[2m:[0m Acquired partition [3magent_id[0m[2m=[0munified-28397 [3mtopic[0m[2m=[0morders [3mpartition_id[0m[2m=[0m5 [3mepoch[0m[2m=[0m1
[2m2026-02-02T12:15:41.733876Z[0m [32m INFO[0m [2mstreamhouse_agent::lease_manager[0m[2m:[0m Acquired partition lease [3magent_id[0m[2m=[0munified-28397 [3mtopic[0m[2m=[0minventory [3mpartition_id[0m[2m=[0m2 [3mepoch[0m[2m=[0m1 [3mexpires_at[0m[2m=[0m1770034571732
[2m2026-02-02T12:15:41.733894Z[0m [32m INFO[0m [2mstreamhouse_agent::assigner[0m[2m:[0m Acquired partition [3magent_id[0m[2m=[0munified-28397 [3mtopic[0m[2m=[0minventory [3mpartition_id[0m[2m=[0m2 [3mepoch[0m[2m=[0m1
[2m2026-02-02T12:15:41.736138Z[0m [32m INFO[0m [2mstreamhouse_agent::lease_manager[0m[2m:[0m Acquired partition lease [3magent_id[0m[2m=[0munified-28397 [3mtopic[0m[2m=[0mevents [3mpartition_id[0m[2m=[0m2 [3mepoch[0m[2m=[0m1 [3mexpires_at[0m[2m=[0m1770034571733
[2m2026-02-02T12:15:41.736164Z[0m [32m INFO[0m [2mstreamhouse_agent::assigner[0m[2m:[0m Acquired partition [3magent_id[0m[2m=[0munified-28397 [3mtopic[0m[2m=[0mevents [3mpartition_id[0m[2m=[0m2 [3mepoch[0m[2m=[0m1
[2m2026-02-02T12:15:41.738303Z[0m [32m INFO[0m [2mstreamhouse_agent::lease_manager[0m[2m:[0m Acquired partition lease [3magent_id[0m[2m=[0munified-28397 [3mtopic[0m[2m=[0mevents [3mpartition_id[0m[2m=[0m3 [3mepoch[0m[2m=[0m1 [3mexpires_at[0m[2m=[0m1770034571736
[2m2026-02-02T12:15:41.738339Z[0m [32m INFO[0m [2mstreamhouse_agent::assigner[0m[2m:[0m Acquired partition [3magent_id[0m[2m=[0munified-28397 [3mtopic[0m[2m=[0mevents [3mpartition_id[0m[2m=[0m3 [3mepoch[0m[2m=[0m1
[2m2026-02-02T12:15:41.740130Z[0m [32m INFO[0m [2mstreamhouse_agent::lease_manager[0m[2m:[0m Acquired partition lease [3magent_id[0m[2m=[0munified-28397 [3mtopic[0m[2m=[0morders [3mpartition_id[0m[2m=[0m2 [3mepoch[0m[2m=[0m1 [3mexpires_at[0m[2m=[0m1770034571738
[2m2026-02-02T12:15:41.740148Z[0m [32m INFO[0m [2mstreamhouse_agent::assigner[0m[2m:[0m Acquired partition [3magent_id[0m[2m=[0munified-28397 [3mtopic[0m[2m=[0morders [3mpartition_id[0m[2m=[0m2 [3mepoch[0m[2m=[0m1
[2m2026-02-02T12:15:41.741634Z[0m [32m INFO[0m [2mstreamhouse_agent::lease_manager[0m[2m:[0m Acquired partition lease [3magent_id[0m[2m=[0munified-28397 [3mtopic[0m[2m=[0musers [3mpartition_id[0m[2m=[0m0 [3mepoch[0m[2m=[0m1 [3mexpires_at[0m[2m=[0m1770034571740
[2m2026-02-02T12:15:41.741894Z[0m [32m INFO[0m [2mstreamhouse_agent::assigner[0m[2m:[0m Acquired partition [3magent_id[0m[2m=[0munified-28397 [3mtopic[0m[2m=[0musers [3mpartition_id[0m[2m=[0m0 [3mepoch[0m[2m=[0m1
[2m2026-02-02T12:15:41.743633Z[0m [32m INFO[0m [2mstreamhouse_agent::lease_manager[0m[2m:[0m Acquired partition lease [3magent_id[0m[2m=[0munified-28397 [3mtopic[0m[2m=[0mevents [3mpartition_id[0m[2m=[0m1 [3mepoch[0m[2m=[0m1 [3mexpires_at[0m[2m=[0m1770034571741
[2m2026-02-02T12:15:41.743671Z[0m [32m INFO[0m [2mstreamhouse_agent::assigner[0m[2m:[0m Acquired partition [3magent_id[0m[2m=[0munified-28397 [3mtopic[0m[2m=[0mevents [3mpartition_id[0m[2m=[0m1 [3mepoch[0m[2m=[0m1
[2m2026-02-02T12:15:41.745246Z[0m [32m INFO[0m [2mstreamhouse_agent::lease_manager[0m[2m:[0m Acquired partition lease [3magent_id[0m[2m=[0munified-28397 [3mtopic[0m[2m=[0morders [3mpartition_id[0m[2m=[0m0 [3mepoch[0m[2m=[0m1 [3mexpires_at[0m[2m=[0m1770034571743
[2m2026-02-02T12:15:41.745263Z[0m [32m INFO[0m [2mstreamhouse_agent::assigner[0m[2m:[0m Acquired partition [3magent_id[0m[2m=[0munified-28397 [3mtopic[0m[2m=[0morders [3mpartition_id[0m[2m=[0m0 [3mepoch[0m[2m=[0m1
[2m2026-02-02T12:15:41.746461Z[0m [32m INFO[0m [2mstreamhouse_agent::lease_manager[0m[2m:[0m Acquired partition lease [3magent_id[0m[2m=[0munified-28397 [3mtopic[0m[2m=[0mevents [3mpartition_id[0m[2m=[0m0 [3mepoch[0m[2m=[0m1 [3mexpires_at[0m[2m=[0m1770034571745
[2m2026-02-02T12:15:41.746472Z[0m [32m INFO[0m [2mstreamhouse_agent::assigner[0m[2m:[0m Acquired partition [3magent_id[0m[2m=[0munified-28397 [3mtopic[0m[2m=[0mevents [3mpartition_id[0m[2m=[0m0 [3mepoch[0m[2m=[0m1
[2m2026-02-02T12:15:41.746707Z[0m [32m INFO[0m [2mstreamhouse_agent::assigner[0m[2m:[0m Rebalance completed [3magent_id[0m[2m=[0munified-28397 [3macquired[0m[2m=[0m17 [3mreleased[0m[2m=[0m0 [3mtotal_assigned[0m[2m=[0m17
[2m2026-02-02T12:16:06.254122Z[0m [32m INFO[0m [1mproduce_batch[0m[1m{[0m[3mtopic[0m[2m=[0mhigh-perf-test [3mpartition[0m[2m=[0m0 [3mrecord_count[0m[2m=[0m1000[1m}[0m[2m:[0m[1mappend[0m[1m{[0m[3mtimestamp[0m[2m=[0m1770034566213 [3mtopic[0m[2m=[0mhigh-perf-test [3mpartition[0m[2m=[0m0 [3mvalue_len[0m[2m=[0m66[1m}[0m[2m:[0m [2mstreamhouse_storage::writer[0m[2m:[0m Segment rolled and uploaded to S3 [3mtopic[0m[2m=[0mhigh-perf-test [3mpartition[0m[2m=[0m0 [3mbase_offset[0m[2m=[0m0 [3mend_offset[0m[2m=[0m11642 [3msize_bytes[0m[2m=[0m169517 [3ms3_key[0m[2m=[0mdata/high-perf-test/0/00000000000000000000.seg
[2m2026-02-02T12:16:06.270893Z[0m [32m INFO[0m [1mproduce_batch[0m[1m{[0m[3mtopic[0m[2m=[0mhigh-perf-test [3mpartition[0m[2m=[0m1 [3mrecord_count[0m[2m=[0m1000[1m}[0m[2m:[0m[1mappend[0m[1m{[0m[3mtimestamp[0m[2m=[0m1770034566258 [3mtopic[0m[2m=[0mhigh-perf-test [3mpartition[0m[2m=[0m1 [3mvalue_len[0m[2m=[0m66[1m}[0m[2m:[0m [2mstreamhouse_storage::writer[0m[2m:[0m Segment rolled and uploaded to S3 [3mtopic[0m[2m=[0mhigh-perf-test [3mpartition[0m[2m=[0m1 [3mbase_offset[0m[2m=[0m0 [3mend_offset[0m[2m=[0m11601 [3msize_bytes[0m[2m=[0m169253 [3ms3_key[0m[2m=[0mdata/high-perf-test/1/00000000000000000000.seg
[2m2026-02-02T12:16:06.284841Z[0m [32m INFO[0m [1mproduce_batch[0m[1m{[0m[3mtopic[0m[2m=[0mhigh-perf-test [3mpartition[0m[2m=[0m2 [3mrecord_count[0m[2m=[0m1000[1m}[0m[2m:[0m[1mappend[0m[1m{[0m[3mtimestamp[0m[2m=[0m1770034566275 [3mtopic[0m[2m=[0mhigh-perf-test [3mpartition[0m[2m=[0m2 [3mvalue_len[0m[2m=[0m66[1m}[0m[2m:[0m [2mstreamhouse_storage::writer[0m[2m:[0m Segment rolled and uploaded to S3 [3mtopic[0m[2m=[0mhigh-perf-test [3mpartition[0m[2m=[0m2 [3mbase_offset[0m[2m=[0m0 [3mend_offset[0m[2m=[0m11601 [3msize_bytes[0m[2m=[0m169288 [3ms3_key[0m[2m=[0mdata/high-perf-test/2/00000000000000000000.seg
[2m2026-02-02T12:16:06.296514Z[0m [32m INFO[0m [1mproduce_batch[0m[1m{[0m[3mtopic[0m[2m=[0mhigh-perf-test [3mpartition[0m[2m=[0m3 [3mrecord_count[0m[2m=[0m1000[1m}[0m[2m:[0m[1mappend[0m[1m{[0m[3mtimestamp[0m[2m=[0m1770034566288 [3mtopic[0m[2m=[0mhigh-perf-test [3mpartition[0m[2m=[0m3 [3mvalue_len[0m[2m=[0m66[1m}[0m[2m:[0m [2mstreamhouse_storage::writer[0m[2m:[0m Segment rolled and uploaded to S3 [3mtopic[0m[2m=[0mhigh-perf-test [3mpartition[0m[2m=[0m3 [3mbase_offset[0m[2m=[0m0 [3mend_offset[0m[2m=[0m11601 [3msize_bytes[0m[2m=[0m169860 [3ms3_key[0m[2m=[0mdata/high-perf-test/3/00000000000000000000.seg
[2m2026-02-02T12:16:06.308155Z[0m [32m INFO[0m [1mproduce_batch[0m[1m{[0m[3mtopic[0m[2m=[0mhigh-perf-test [3mpartition[0m[2m=[0m4 [3mrecord_count[0m[2m=[0m1000[1m}[0m[2m:[0m[1mappend[0m[1m{[0m[3mtimestamp[0m[2m=[0m1770034566300 [3mtopic[0m[2m=[0mhigh-perf-test [3mpartition[0m[2m=[0m4 [3mvalue_len[0m[2m=[0m66[1m}[0m[2m:[0m [2mstreamhouse_storage::writer[0m[2m:[0m Segment rolled and uploaded to S3 [3mtopic[0m[2m=[0mhigh-perf-test [3mpartition[0m[2m=[0m4 [3mbase_offset[0m[2m=[0m0 [3mend_offset[0m[2m=[0m11562 [3msize_bytes[0m[2m=[0m168962 [3ms3_key[0m[2m=[0mdata/high-perf-test/4/00000000000000000000.seg
[2m2026-02-02T12:16:06.320012Z[0m [32m INFO[0m [1mproduce_batch[0m[1m{[0m[3mtopic[0m[2m=[0mhigh-perf-test [3mpartition[0m[2m=[0m5 [3mrecord_count[0m[2m=[0m1000[1m}[0m[2m:[0m[1mappend[0m[1m{[0m[3mtimestamp[0m[2m=[0m1770034566311 [3mtopic[0m[2m=[0mhigh-perf-test [3mpartition[0m[2m=[0m5 [3mvalue_len[0m[2m=[0m66[1m}[0m[2m:[0m [2mstreamhouse_storage::writer[0m[2m:[0m Segment rolled and uploaded to S3 [3mtopic[0m[2m=[0mhigh-perf-test [3mpartition[0m[2m=[0m5 [3mbase_offset[0m[2m=[0m0 [3mend_offset[0m[2m=[0m11562 [3msize_bytes[0m[2m=[0m168917 [3ms3_key[0m[2m=[0mdata/high-perf-test/5/00000000000000000000.seg
[2m2026-02-02T12:16:06.683758Z[0m [32m INFO[0m [2mstreamhouse_storage::writer_pool[0m[2m:[0m Background flush completed [3mflushed[0m[2m=[0m6 [3merrors[0m[2m=[0m0 [3mtotal_writers[0m[2m=[0m6
[2m2026-02-02T12:16:11.682369Z[0m [32m INFO[0m [2mstreamhouse_storage::writer_pool[0m[2m:[0m Background flush completed [3mflushed[0m[2m=[0m6 [3merrors[0m[2m=[0m0 [3mtotal_writers[0m[2m=[0m6
[2m2026-02-02T12:16:16.696253Z[0m [32m INFO[0m [2mstreamhouse_storage::writer[0m[2m:[0m Segment rolled and uploaded to S3 [3mtopic[0m[2m=[0mhigh-perf-test [3mpartition[0m[2m=[0m3 [3mbase_offset[0m[2m=[0m11602 [3mend_offset[0m[2m=[0m17199 [3msize_bytes[0m[2m=[0m81762 [3ms3_key[0m[2m=[0mdata/high-perf-test/3/00000000000000011602.seg
[2m2026-02-02T12:16:16.702955Z[0m [32m INFO[0m [2mstreamhouse_storage::writer[0m[2m:[0m Segment rolled and uploaded to S3 [3mtopic[0m[2m=[0mhigh-perf-test [3mpartition[0m[2m=[0m0 [3mbase_offset[0m[2m=[0m11643 [3mend_offset[0m[2m=[0m17199 [3msize_bytes[0m[2m=[0m81096 [3ms3_key[0m[2m=[0mdata/high-perf-test/0/00000000000000011643.seg
[2m2026-02-02T12:16:16.709121Z[0m [32m INFO[0m [2mstreamhouse_storage::writer[0m[2m:[0m Segment rolled and uploaded to S3 [3mtopic[0m[2m=[0mhigh-perf-test [3mpartition[0m[2m=[0m1 [3mbase_offset[0m[2m=[0m11602 [3mend_offset[0m[2m=[0m17199 [3msize_bytes[0m[2m=[0m81782 [3ms3_key[0m[2m=[0mdata/high-perf-test/1/00000000000000011602.seg
[2m2026-02-02T12:16:16.714663Z[0m [32m INFO[0m [2mstreamhouse_storage::writer[0m[2m:[0m Segment rolled and uploaded to S3 [3mtopic[0m[2m=[0mhigh-perf-test [3mpartition[0m[2m=[0m2 [3mbase_offset[0m[2m=[0m11602 [3mend_offset[0m[2m=[0m17199 [3msize_bytes[0m[2m=[0m81795 [3ms3_key[0m[2m=[0mdata/high-perf-test/2/00000000000000011602.seg
[2m2026-02-02T12:16:16.721217Z[0m [32m INFO[0m [2mstreamhouse_storage::writer[0m[2m:[0m Segment rolled and uploaded to S3 [3mtopic[0m[2m=[0mhigh-perf-test [3mpartition[0m[2m=[0m4 [3mbase_offset[0m[2m=[0m11563 [3mend_offset[0m[2m=[0m16099 [3msize_bytes[0m[2m=[0m66239 [3ms3_key[0m[2m=[0mdata/high-perf-test/4/00000000000000011563.seg
[2m2026-02-02T12:16:16.727168Z[0m [32m INFO[0m [2mstreamhouse_storage::writer[0m[2m:[0m Segment rolled and uploaded to S3 [3mtopic[0m[2m=[0mhigh-perf-test [3mpartition[0m[2m=[0m5 [3mbase_offset[0m[2m=[0m11563 [3mend_offset[0m[2m=[0m16099 [3msize_bytes[0m[2m=[0m66346 [3ms3_key[0m[2m=[0mdata/high-perf-test/5/00000000000000011563.seg
[2m2026-02-02T12:16:16.727257Z[0m [32m INFO[0m [2mstreamhouse_storage::writer_pool[0m[2m:[0m Background flush completed [3mflushed[0m[2m=[0m6 [3merrors[0m[2m=[0m0 [3mtotal_writers[0m[2m=[0m6
[2m2026-02-02T12:16:21.682953Z[0m [32m INFO[0m [2mstreamhouse_storage::writer_pool[0m[2m:[0m Background flush completed [3mflushed[0m[2m=[0m6 [3merrors[0m[2m=[0m0 [3mtotal_writers[0m[2m=[0m6
[2m2026-02-02T12:16:26.682339Z[0m [32m INFO[0m [2mstreamhouse_storage::writer_pool[0m[2m:[0m Background flush completed [3mflushed[0m[2m=[0m6 [3merrors[0m[2m=[0m0 [3mtotal_writers[0m[2m=[0m6
[2m2026-02-02T12:16:31.682772Z[0m [32m INFO[0m [2mstreamhouse_storage::writer_pool[0m[2m:[0m Background flush completed [3mflushed[0m[2m=[0m6 [3merrors[0m[2m=[0m0 [3mtotal_writers[0m[2m=[0m6
[2m2026-02-02T12:16:36.683286Z[0m [32m INFO[0m [2mstreamhouse_storage::writer_pool[0m[2m:[0m Background flush completed [3mflushed[0m[2m=[0m6 [3merrors[0m[2m=[0m0 [3mtotal_writers[0m[2m=[0m6
[2m2026-02-02T12:16:41.682969Z[0m [32m INFO[0m [2mstreamhouse_storage::writer_pool[0m[2m:[0m Background flush completed [3mflushed[0m[2m=[0m6 [3merrors[0m[2m=[0m0 [3mtotal_writers[0m[2m=[0m6
[2m2026-02-02T12:16:41.701238Z[0m [32m INFO[0m [2munified_server[0m[2m:[0m Topic list changed, restarting partition assigner
[2m2026-02-02T12:16:41.701482Z[0m [32m INFO[0m [2mstreamhouse_agent::assigner[0m[2m:[0m Partition assigner stopped [3magent_id[0m[2m=[0munified-28397
[2m2026-02-02T12:16:41.703746Z[0m [32m INFO[0m [2mstreamhouse_agent::lease_manager[0m[2m:[0m Released partition lease [3magent_id[0m[2m=[0munified-28397 [3mtopic[0m[2m=[0minventory [3mpartition_id[0m[2m=[0m0
[2m2026-02-02T12:16:41.705188Z[0m [32m INFO[0m [2mstreamhouse_agent::lease_manager[0m[2m:[0m Released partition lease [3magent_id[0m[2m=[0munified-28397 [3mtopic[0m[2m=[0musers [3mpartition_id[0m[2m=[0m1
[2m2026-02-02T12:16:41.706522Z[0m [32m INFO[0m [2mstreamhouse_agent::lease_manager[0m[2m:[0m Released partition lease [3magent_id[0m[2m=[0munified-28397 [3mtopic[0m[2m=[0morders [3mpartition_id[0m[2m=[0m3
[2m2026-02-02T12:16:41.707704Z[0m [32m INFO[0m [2mstreamhouse_agent::lease_manager[0m[2m:[0m Released partition lease [3magent_id[0m[2m=[0munified-28397 [3mtopic[0m[2m=[0musers [3mpartition_id[0m[2m=[0m2
[2m2026-02-02T12:16:41.708967Z[0m [32m INFO[0m [2mstreamhouse_agent::lease_manager[0m[2m:[0m Released partition lease [3magent_id[0m[2m=[0munified-28397 [3mtopic[0m[2m=[0morders [3mpartition_id[0m[2m=[0m1
[2m2026-02-02T12:16:41.709997Z[0m [32m INFO[0m [2mstreamhouse_agent::lease_manager[0m[2m:[0m Released partition lease [3magent_id[0m[2m=[0munified-28397 [3mtopic[0m[2m=[0minventory [3mpartition_id[0m[2m=[0m3
[2m2026-02-02T12:16:41.711065Z[0m [32m INFO[0m [2mstreamhouse_agent::lease_manager[0m[2m:[0m Released partition lease [3magent_id[0m[2m=[0munified-28397 [3mtopic[0m[2m=[0morders [3mpartition_id[0m[2m=[0m4
[2m2026-02-02T12:16:41.712264Z[0m [32m INFO[0m [2mstreamhouse_agent::lease_manager[0m[2m:[0m Released partition lease [3magent_id[0m[2m=[0munified-28397 [3mtopic[0m[2m=[0minventory [3mpartition_id[0m[2m=[0m1
[2m2026-02-02T12:16:41.713137Z[0m [32m INFO[0m [2mstreamhouse_agent::lease_manager[0m[2m:[0m Released partition lease [3magent_id[0m[2m=[0munified-28397 [3mtopic[0m[2m=[0morders [3mpartition_id[0m[2m=[0m5
[2m2026-02-02T12:16:41.713909Z[0m [32m INFO[0m [2mstreamhouse_agent::lease_manager[0m[2m:[0m Released partition lease [3magent_id[0m[2m=[0munified-28397 [3mtopic[0m[2m=[0minventory [3mpartition_id[0m[2m=[0m2
[2m2026-02-02T12:16:41.714551Z[0m [32m INFO[0m [2mstreamhouse_agent::lease_manager[0m[2m:[0m Released partition lease [3magent_id[0m[2m=[0munified-28397 [3mtopic[0m[2m=[0mevents [3mpartition_id[0m[2m=[0m2
[2m2026-02-02T12:16:41.715231Z[0m [32m INFO[0m [2mstreamhouse_agent::lease_manager[0m[2m:[0m Released partition lease [3magent_id[0m[2m=[0munified-28397 [3mtopic[0m[2m=[0mevents [3mpartition_id[0m[2m=[0m3
[2m2026-02-02T12:16:41.715849Z[0m [32m INFO[0m [2mstreamhouse_agent::lease_manager[0m[2m:[0m Released partition lease [3magent_id[0m[2m=[0munified-28397 [3mtopic[0m[2m=[0morders [3mpartition_id[0m[2m=[0m2
[2m2026-02-02T12:16:41.716643Z[0m [32m INFO[0m [2mstreamhouse_agent::lease_manager[0m[2m:[0m Released partition lease [3magent_id[0m[2m=[0munified-28397 [3mtopic[0m[2m=[0musers [3mpartition_id[0m[2m=[0m0
[2m2026-02-02T12:16:41.717498Z[0m [32m INFO[0m [2mstreamhouse_agent::lease_manager[0m[2m:[0m Released partition lease [3magent_id[0m[2m=[0munified-28397 [3mtopic[0m[2m=[0mevents [3mpartition_id[0m[2m=[0m1
[2m2026-02-02T12:16:41.718245Z[0m [32m INFO[0m [2mstreamhouse_agent::lease_manager[0m[2m:[0m Released partition lease [3magent_id[0m[2m=[0munified-28397 [3mtopic[0m[2m=[0morders [3mpartition_id[0m[2m=[0m0
[2m2026-02-02T12:16:41.718946Z[0m [32m INFO[0m [2mstreamhouse_agent::lease_manager[0m[2m:[0m Released partition lease [3magent_id[0m[2m=[0munified-28397 [3mtopic[0m[2m=[0mevents [3mpartition_id[0m[2m=[0m0
[2m2026-02-02T12:16:41.720171Z[0m [32m INFO[0m [2munified_server[0m[2m:[0m 📋 Managing 6 topics for partition assignment: ["high-perf-test", "grpc-perf-test", "inventory", "users", "orders", "events"]
[2m2026-02-02T12:16:41.720204Z[0m [32m INFO[0m [2mstreamhouse_agent::assigner[0m[2m:[0m Starting partition assigner [3magent_id[0m[2m=[0munified-28397 [3mtopics[0m[2m=[0m["high-perf-test", "grpc-perf-test", "inventory", "users", "orders", "events"] [3minterval_secs[0m[2m=[0m30
[2m2026-02-02T12:16:41.720215Z[0m [32m INFO[0m [2munified_server[0m[2m:[0m ✅ Partition assigner started for 6 topics
[2m2026-02-02T12:16:41.720222Z[0m [32m INFO[0m [2mstreamhouse_agent::assigner[0m[2m:[0m Rebalance task started [3magent_id[0m[2m=[0munified-28397 [3minterval_secs[0m[2m=[0m30
[2m2026-02-02T12:16:41.720225Z[0m [32m INFO[0m [2mstreamhouse_agent::lease_manager[0m[2m:[0m Lease renewal task started [3magent_id[0m[2m=[0munified-28397 [3minterval_seconds[0m[2m=[0m10
[2m2026-02-02T12:16:41.720239Z[0m [32m INFO[0m [2mstreamhouse_agent::lease_manager[0m[2m:[0m Lease renewal task started [3magent_id[0m[2m=[0munified-28397 [3minterval_seconds[0m[2m=[0m10
[2m2026-02-02T12:16:41.721553Z[0m [32m INFO[0m [2mstreamhouse_agent::assigner[0m[2m:[0m Topology changed, performing rebalance [3magent_id[0m[2m=[0munified-28397 [3magent_count[0m[2m=[0m1 [3magents[0m[2m=[0m["unified-28397"]
[2m2026-02-02T12:16:41.727538Z[0m [32m INFO[0m [2mstreamhouse_agent::lease_manager[0m[2m:[0m Acquired partition lease [3magent_id[0m[2m=[0munified-28397 [3mtopic[0m[2m=[0morders [3mpartition_id[0m[2m=[0m5 [3mepoch[0m[2m=[0m1 [3mexpires_at[0m[2m=[0m1770034631725
[2m2026-02-02T12:16:41.727562Z[0m [32m INFO[0m [2mstreamhouse_agent::assigner[0m[2m:[0m Acquired partition [3magent_id[0m[2m=[0munified-28397 [3mtopic[0m[2m=[0morders [3mpartition_id[0m[2m=[0m5 [3mepoch[0m[2m=[0m1
[2m2026-02-02T12:16:41.728918Z[0m [32m INFO[0m [2mstreamhouse_agent::lease_manager[0m[2m:[0m Acquired partition lease [3magent_id[0m[2m=[0munified-28397 [3mtopic[0m[2m=[0mgrpc-perf-test [3mpartition_id[0m[2m=[0m2 [3mepoch[0m[2m=[0m1 [3mexpires_at[0m[2m=[0m1770034631727
[2m2026-02-02T12:16:41.728936Z[0m [32m INFO[0m [2mstreamhouse_agent::assigner[0m[2m:[0m Acquired partition [3magent_id[0m[2m=[0munified-28397 [3mtopic[0m[2m=[0mgrpc-perf-test [3mpartition_id[0m[2m=[0m2 [3mepoch[0m[2m=[0m1
[2m2026-02-02T12:16:41.730984Z[0m [32m INFO[0m [2mstreamhouse_agent::lease_manager[0m[2m:[0m Acquired partition lease [3magent_id[0m[2m=[0munified-28397 [3mtopic[0m[2m=[0mgrpc-perf-test [3mpartition_id[0m[2m=[0m1 [3mepoch[0m[2m=[0m1 [3mexpires_at[0m[2m=[0m1770034631728
[2m2026-02-02T12:16:41.731000Z[0m [32m INFO[0m [2mstreamhouse_agent::assigner[0m[2m:[0m Acquired partition [3magent_id[0m[2m=[0munified-28397 [3mtopic[0m[2m=[0mgrpc-perf-test [3mpartition_id[0m[2m=[0m1 [3mepoch[0m[2m=[0m1
[2m2026-02-02T12:16:41.733079Z[0m [32m INFO[0m [2mstreamhouse_agent::lease_manager[0m[2m:[0m Acquired partition lease [3magent_id[0m[2m=[0munified-28397 [3mtopic[0m[2m=[0mhigh-perf-test [3mpartition_id[0m[2m=[0m2 [3mepoch[0m[2m=[0m1 [3mexpires_at[0m[2m=[0m1770034631731
[2m2026-02-02T12:16:41.733099Z[0m [32m INFO[0m [2mstreamhouse_agent::assigner[0m[2m:[0m Acquired partition [3magent_id[0m[2m=[0munified-28397 [3mtopic[0m[2m=[0mhigh-perf-test [3mpartition_id[0m[2m=[0m2 [3mepoch[0m[2m=[0m1
[2m2026-02-02T12:16:41.734482Z[0m [32m INFO[0m [2mstreamhouse_agent::lease_manager[0m[2m:[0m Acquired partition lease [3magent_id[0m[2m=[0munified-28397 [3mtopic[0m[2m=[0morders [3mpartition_id[0m[2m=[0m4 [3mepoch[0m[2m=[0m1 [3mexpires_at[0m[2m=[0m1770034631733
[2m2026-02-02T12:16:41.734500Z[0m [32m INFO[0m [2mstreamhouse_agent::assigner[0m[2m:[0m Acquired partition [3magent_id[0m[2m=[0munified-28397 [3mtopic[0m[2m=[0morders [3mpartition_id[0m[2m=[0m4 [3mepoch[0m[2m=[0m1
[2m2026-02-02T12:16:41.736105Z[0m [32m INFO[0m [2mstreamhouse_agent::lease_manager[0m[2m:[0m Acquired partition lease [3magent_id[0m[2m=[0munified-28397 [3mtopic[0m[2m=[0mhigh-perf-test [3mpartition_id[0m[2m=[0m4 [3mepoch[0m[2m=[0m1 [3mexpires_at[0m[2m=[0m1770034631734
[2m2026-02-02T12:16:41.736134Z[0m [32m INFO[0m [2mstreamhouse_agent::assigner[0m[2m:[0m Acquired partition [3magent_id[0m[2m=[0munified-28397 [3mtopic[0m[2m=[0mhigh-perf-test [3mpartition_id[0m[2m=[0m4 [3mepoch[0m[2m=[0m1
[2m2026-02-02T12:16:41.737536Z[0m [32m INFO[0m [2mstreamhouse_agent::lease_manager[0m[2m:[0m Acquired partition lease [3magent_id[0m[2m=[0munified-28397 [3mtopic[0m[2m=[0mevents [3mpartition_id[0m[2m=[0m2 [3mepoch[0m[2m=[0m1 [3mexpires_at[0m[2m=[0m1770034631736
[2m2026-02-02T12:16:41.737551Z[0m [32m INFO[0m [2mstreamhouse_agent::assigner[0m[2m:[0m Acquired partition [3magent_id[0m[2m=[0munified-28397 [3mtopic[0m[2m=[0mevents [3mpartition_id[0m[2m=[0m2 [3mepoch[0m[2m=[0m1
[2m2026-02-02T12:16:41.739128Z[0m [32m INFO[0m [2mstreamhouse_agent::lease_manager[0m[2m:[0m Acquired partition lease [3magent_id[0m[2m=[0munified-28397 [3mtopic[0m[2m=[0mhigh-perf-test [3mpartition_id[0m[2m=[0m0 [3mepoch[0m[2m=[0m1 [3mexpires_at[0m[2m=[0m1770034631737
[2m2026-02-02T12:16:41.739143Z[0m [32m INFO[0m [2mstreamhouse_agent::assigner[0m[2m:[0m Acquired partition [3magent_id[0m[2m=[0munified-28397 [3mtopic[0m[2m=[0mhigh-perf-test [3mpartition_id[0m[2m=[0m0 [3mepoch[0m[2m=[0m1
[2m2026-02-02T12:16:41.740366Z[0m [32m INFO[0m [2mstreamhouse_agent::lease_manager[0m[2m:[0m Acquired partition lease [3magent_id[0m[2m=[0munified-28397 [3mtopic[0m[2m=[0minventory [3mpartition_id[0m[2m=[0m3 [3mepoch[0m[2m=[0m1 [3mexpires_at[0m[2m=[0m1770034631739
[2m2026-02-02T12:16:41.740388Z[0m [32m INFO[0m [2mstreamhouse_agent::assigner[0m[2m:[0m Acquired partition [3magent_id[0m[2m=[0munified-28397 [3mtopic[0m[2m=[0minventory [3mpartition_id[0m[2m=[0m3 [3mepoch[0m[2m=[0m1
[2m2026-02-02T12:16:41.741590Z[0m [32m INFO[0m [2mstreamhouse_agent::lease_manager[0m[2m:[0m Acquired partition lease [3magent_id[0m[2m=[0munified-28397 [3mtopic[0m[2m=[0musers [3mpartition_id[0m[2m=[0m2 [3mepoch[0m[2m=[0m1 [3mexpires_at[0m[2m=[0m1770034631740
[2m2026-02-02T12:16:41.741620Z[0m [32m INFO[0m [2mstreamhouse_agent::assigner[0m[2m:[0m Acquired partition [3magent_id[0m[2m=[0munified-28397 [3mtopic[0m[2m=[0musers [3mpartition_id[0m[2m=[0m2 [3mepoch[0m[2m=[0m1
[2m2026-02-02T12:16:41.742719Z[0m [32m INFO[0m [2mstreamhouse_agent::lease_manager[0m[2m:[0m Acquired partition lease [3magent_id[0m[2m=[0munified-28397 [3mtopic[0m[2m=[0mgrpc-perf-test [3mpartition_id[0m[2m=[0m4 [3mepoch[0m[2m=[0m1 [3mexpires_at[0m[2m=[0m1770034631741
[2m2026-02-02T12:16:41.742731Z[0m [32m INFO[0m [2mstreamhouse_agent::assigner[0m[2m:[0m Acquired partition [3magent_id[0m[2m=[0munified-28397 [3mtopic[0m[2m=[0mgrpc-perf-test [3mpartition_id[0m[2m=[0m4 [3mepoch[0m[2m=[0m1
[2m2026-02-02T12:16:41.744015Z[0m [32m INFO[0m [2mstreamhouse_agent::lease_manager[0m[2m:[0m Acquired partition lease [3magent_id[0m[2m=[0munified-28397 [3mtopic[0m[2m=[0mevents [3mpartition_id[0m[2m=[0m0 [3mepoch[0m[2m=[0m1 [3mexpires_at[0m[2m=[0m1770034631742
[2m2026-02-02T12:16:41.744024Z[0m [32m INFO[0m [2mstreamhouse_agent::assigner[0m[2m:[0m Acquired partition [3magent_id[0m[2m=[0munified-28397 [3mtopic[0m[2m=[0mevents [3mpartition_id[0m[2m=[0m0 [3mepoch[0m[2m=[0m1
[2m2026-02-02T12:16:41.745242Z[0m [32m INFO[0m [2mstreamhouse_agent::lease_manager[0m[2m:[0m Acquired partition lease [3magent_id[0m[2m=[0munified-28397 [3mtopic[0m[2m=[0mhigh-perf-test [3mpartition_id[0m[2m=[0m5 [3mepoch[0m[2m=[0m1 [3mexpires_at[0m[2m=[0m1770034631744
[2m2026-02-02T12:16:41.745260Z[0m [32m INFO[0m [2mstreamhouse_agent::assigner[0m[2m:[0m Acquired partition [3magent_id[0m[2m=[0munified-28397 [3mtopic[0m[2m=[0mhigh-perf-test [3mpartition_id[0m[2m=[0m5 [3mepoch[0m[2m=[0m1
[2m2026-02-02T12:16:41.746668Z[0m [32m INFO[0m [2mstreamhouse_agent::lease_manager[0m[2m:[0m Acquired partition lease [3magent_id[0m[2m=[0munified-28397 [3mtopic[0m[2m=[0mevents [3mpartition_id[0m[2m=[0m1 [3mepoch[0m[2m=[0m1 [3mexpires_at[0m[2m=[0m1770034631745
[2m2026-02-02T12:16:41.746685Z[0m [32m INFO[0m [2mstreamhouse_agent::assigner[0m[2m:[0m Acquired partition [3magent_id[0m[2m=[0munified-28397 [3mtopic[0m[2m=[0mevents [3mpartition_id[0m[2m=[0m1 [3mepoch[0m[2m=[0m1
[2m2026-02-02T12:16:41.748042Z[0m [32m INFO[0m [2mstreamhouse_agent::lease_manager[0m[2m:[0m Acquired partition lease [3magent_id[0m[2m=[0munified-28397 [3mtopic[0m[2m=[0musers [3mpartition_id[0m[2m=[0m0 [3mepoch[0m[2m=[0m1 [3mexpires_at[0m[2m=[0m1770034631746
[2m2026-02-02T12:16:41.748055Z[0m [32m INFO[0m [2mstreamhouse_agent::assigner[0m[2m:[0m Acquired partition [3magent_id[0m[2m=[0munified-28397 [3mtopic[0m[2m=[0musers [3mpartition_id[0m[2m=[0m0 [3mepoch[0m[2m=[0m1
[2m2026-02-02T12:16:41.749445Z[0m [32m INFO[0m [2mstreamhouse_agent::lease_manager[0m[2m:[0m Acquired partition lease [3magent_id[0m[2m=[0munified-28397 [3mtopic[0m[2m=[0morders [3mpartition_id[0m[2m=[0m1 [3mepoch[0m[2m=[0m1 [3mexpires_at[0m[2m=[0m1770034631748
[2m2026-02-02T12:16:41.749463Z[0m [32m INFO[0m [2mstreamhouse_agent::assigner[0m[2m:[0m Acquired partition [3magent_id[0m[2m=[0munified-28397 [3mtopic[0m[2m=[0morders [3mpartition_id[0m[2m=[0m1 [3mepoch[0m[2m=[0m1
[2m2026-02-02T12:16:41.750790Z[0m [32m INFO[0m [2mstreamhouse_agent::lease_manager[0m[2m:[0m Acquired partition lease [3magent_id[0m[2m=[0munified-28397 [3mtopic[0m[2m=[0mgrpc-perf-test [3mpartition_id[0m[2m=[0m5 [3mepoch[0m[2m=[0m1 [3mexpires_at[0m[2m=[0m1770034631749
[2m2026-02-02T12:16:41.750806Z[0m [32m INFO[0m [2mstreamhouse_agent::assigner[0m[2m:[0m Acquired partition [3magent_id[0m[2m=[0munified-28397 [3mtopic[0m[2m=[0mgrpc-perf-test [3mpartition_id[0m[2m=[0m5 [3mepoch[0m[2m=[0m1
[2m2026-02-02T12:16:41.752173Z[0m [32m INFO[0m [2mstreamhouse_agent::lease_manager[0m[2m:[0m Acquired partition lease [3magent_id[0m[2m=[0munified-28397 [3mtopic[0m[2m=[0mgrpc-perf-test [3mpartition_id[0m[2m=[0m0 [3mepoch[0m[2m=[0m1 [3mexpires_at[0m[2m=[0m1770034631750
[2m2026-02-02T12:16:41.752196Z[0m [32m INFO[0m [2mstreamhouse_agent::assigner[0m[2m:[0m Acquired partition [3magent_id[0m[2m=[0munified-28397 [3mtopic[0m[2m=[0mgrpc-perf-test [3mpartition_id[0m[2m=[0m0 [3mepoch[0m[2m=[0m1
[2m2026-02-02T12:16:41.753703Z[0m [32m INFO[0m [2mstreamhouse_agent::lease_manager[0m[2m:[0m Acquired partition lease [3magent_id[0m[2m=[0munified-28397 [3mtopic[0m[2m=[0minventory [3mpartition_id[0m[2m=[0m1 [3mepoch[0m[2m=[0m1 [3mexpires_at[0m[2m=[0m1770034631752
[2m2026-02-02T12:16:41.753720Z[0m [32m INFO[0m [2mstreamhouse_agent::assigner[0m[2m:[0m Acquired partition [3magent_id[0m[2m=[0munified-28397 [3mtopic[0m[2m=[0minventory [3mpartition_id[0m[2m=[0m1 [3mepoch[0m[2m=[0m1
[2m2026-02-02T12:16:41.755238Z[0m [32m INFO[0m [2mstreamhouse_agent::lease_manager[0m[2m:[0m Acquired partition lease [3magent_id[0m[2m=[0munified-28397 [3mtopic[0m[2m=[0mevents [3mpartition_id[0m[2m=[0m3 [3mepoch[0m[2m=[0m1 [3mexpires_at[0m[2m=[0m1770034631753
[2m2026-02-02T12:16:41.755259Z[0m [32m INFO[0m [2mstreamhouse_agent::assigner[0m[2m:[0m Acquired partition [3magent_id[0m[2m=[0munified-28397 [3mtopic[0m[2m=[0mevents [3mpartition_id[0m[2m=[0m3 [3mepoch[0m[2m=[0m1
[2m2026-02-02T12:16:41.756414Z[0m [32m INFO[0m [2mstreamhouse_agent::lease_manager[0m[2m:[0m Acquired partition lease [3magent_id[0m[2m=[0munified-28397 [3mtopic[0m[2m=[0mhigh-perf-test [3mpartition_id[0m[2m=[0m3 [3mepoch[0m[2m=[0m1 [3mexpires_at[0m[2m=[0m1770034631755
[2m2026-02-02T12:16:41.756431Z[0m [32m INFO[0m [2mstreamhouse_agent::assigner[0m[2m:[0m Acquired partition [3magent_id[0m[2m=[0munified-28397 [3mtopic[0m[2m=[0mhigh-perf-test [3mpartition_id[0m[2m=[0m3 [3mepoch[0m[2m=[0m1
[2m2026-02-02T12:16:41.757772Z[0m [32m INFO[0m [2mstreamhouse_agent::lease_manager[0m[2m:[0m Acquired partition lease [3magent_id[0m[2m=[0munified-28397 [3mtopic[0m[2m=[0musers [3mpartition_id[0m[2m=[0m1 [3mepoch[0m[2m=[0m1 [3mexpires_at[0m[2m=[0m1770034631756
[2m2026-02-02T12:16:41.757786Z[0m [32m INFO[0m [2mstreamhouse_agent::assigner[0m[2m:[0m Acquired partition [3magent_id[0m[2m=[0munified-28397 [3mtopic[0m[2m=[0musers [3mpartition_id[0m[2m=[0m1 [3mepoch[0m[2m=[0m1
[2m2026-02-02T12:16:41.758974Z[0m [32m INFO[0m [2mstreamhouse_agent::lease_manager[0m[2m:[0m Acquired partition lease [3magent_id[0m[2m=[0munified-28397 [3mtopic[0m[2m=[0mhigh-perf-test [3mpartition_id[0m[2m=[0m1 [3mepoch[0m[2m=[0m1 [3mexpires_at[0m[2m=[0m1770034631757
[2m2026-02-02T12:16:41.758986Z[0m [32m INFO[0m [2mstreamhouse_agent::assigner[0m[2m:[0m Acquired partition [3magent_id[0m[2m=[0munified-28397 [3mtopic[0m[2m=[0mhigh-perf-test [3mpartition_id[0m[2m=[0m1 [3mepoch[0m[2m=[0m1
[2m2026-02-02T12:16:41.760206Z[0m [32m INFO[0m [2mstreamhouse_agent::lease_manager[0m[2m:[0m Acquired partition lease [3magent_id[0m[2m=[0munified-28397 [3mtopic[0m[2m=[0minventory [3mpartition_id[0m[2m=[0m2 [3mepoch[0m[2m=[0m1 [3mexpires_at[0m[2m=[0m1770034631758
[2m2026-02-02T12:16:41.760219Z[0m [32m INFO[0m [2mstreamhouse_agent::assigner[0m[2m:[0m Acquired partition [3magent_id[0m[2m=[0munified-28397 [3mtopic[0m[2m=[0minventory [3mpartition_id[0m[2m=[0m2 [3mepoch[0m[2m=[0m1
[2m2026-02-02T12:16:41.761305Z[0m [32m INFO[0m [2mstreamhouse_agent::lease_manager[0m[2m:[0m Acquired partition lease [3magent_id[0m[2m=[0munified-28397 [3mtopic[0m[2m=[0morders [3mpartition_id[0m[2m=[0m0 [3mepoch[0m[2m=[0m1 [3mexpires_at[0m[2m=[0m1770034631760
[2m2026-02-02T12:16:41.761320Z[0m [32m INFO[0m [2mstreamhouse_agent::assigner[0m[2m:[0m Acquired partition [3magent_id[0m[2m=[0munified-28397 [3mtopic[0m[2m=[0morders [3mpartition_id[0m[2m=[0m0 [3mepoch[0m[2m=[0m1
[2m2026-02-02T12:16:41.762701Z[0m [32m INFO[0m [2mstreamhouse_agent::lease_manager[0m[2m:[0m Acquired partition lease [3magent_id[0m[2m=[0munified-28397 [3mtopic[0m[2m=[0minventory [3mpartition_id[0m[2m=[0m0 [3mepoch[0m[2m=[0m1 [3mexpires_at[0m[2m=[0m1770034631761
[2m2026-02-02T12:16:41.762717Z[0m [32m INFO[0m [2mstreamhouse_agent::assigner[0m[2m:[0m Acquired partition [3magent_id[0m[2m=[0munified-28397 [3mtopic[0m[2m=[0minventory [3mpartition_id[0m[2m=[0m0 [3mepoch[0m[2m=[0m1
[2m2026-02-02T12:16:41.763843Z[0m [32m INFO[0m [2mstreamhouse_agent::lease_manager[0m[2m:[0m Acquired partition lease [3magent_id[0m[2m=[0munified-28397 [3mtopic[0m[2m=[0morders [3mpartition_id[0m[2m=[0m3 [3mepoch[0m[2m=[0m1 [3mexpires_at[0m[2m=[0m1770034631762
[2m2026-02-02T12:16:41.763862Z[0m [32m INFO[0m [2mstreamhouse_agent::assigner[0m[2m:[0m Acquired partition [3magent_id[0m[2m=[0munified-28397 [3mtopic[0m[2m=[0morders [3mpartition_id[0m[2m=[0m3 [3mepoch[0m[2m=[0m1
[2m2026-02-02T12:16:41.765079Z[0m [32m INFO[0m [2mstreamhouse_agent::lease_manager[0m[2m:[0m Acquired partition lease [3magent_id[0m[2m=[0munified-28397 [3mtopic[0m[2m=[0mgrpc-perf-test [3mpartition_id[0m[2m=[0m3 [3mepoch[0m[2m=[0m1 [3mexpires_at[0m[2m=[0m1770034631763
[2m2026-02-02T12:16:41.765095Z[0m [32m INFO[0m [2mstreamhouse_agent::assigner[0m[2m:[0m Acquired partition [3magent_id[0m[2m=[0munified-28397 [3mtopic[0m[2m=[0mgrpc-perf-test [3mpartition_id[0m[2m=[0m3 [3mepoch[0m[2m=[0m1
[2m2026-02-02T12:16:41.766324Z[0m [32m INFO[0m [2mstreamhouse_agent::lease_manager[0m[2m:[0m Acquired partition lease [3magent_id[0m[2m=[0munified-28397 [3mtopic[0m[2m=[0morders [3mpartition_id[0m[2m=[0m2 [3mepoch[0m[2m=[0m1 [3mexpires_at[0m[2m=[0m1770034631765
[2m2026-02-02T12:16:41.766338Z[0m [32m INFO[0m [2mstreamhouse_agent::assigner[0m[2m:[0m Acquired partition [3magent_id[0m[2m=[0munified-28397 [3mtopic[0m[2m=[0morders [3mpartition_id[0m[2m=[0m2 [3mepoch[0m[2m=[0m1
[2m2026-02-02T12:16:41.766347Z[0m [32m INFO[0m [2mstreamhouse_agent::assigner[0m[2m:[0m Rebalance completed [3magent_id[0m[2m=[0munified-28397 [3macquired[0m[2m=[0m29 [3mreleased[0m[2m=[0m0 [3mtotal_assigned[0m[2m=[0m29
[2m2026-02-02T12:16:46.683178Z[0m [32m INFO[0m [2mstreamhouse_storage::writer_pool[0m[2m:[0m Background flush completed [3mflushed[0m[2m=[0m6 [3merrors[0m[2m=[0m0 [3mtotal_writers[0m[2m=[0m6
[2m2026-02-02T12:16:51.681967Z[0m [32m INFO[0m [2mstreamhouse_storage::writer_pool[0m[2m:[0m Background flush completed [3mflushed[0m[2m=[0m6 [3merrors[0m[2m=[0m0 [3mtotal_writers[0m[2m=[0m6
[2m2026-02-02T12:16:56.683150Z[0m [32m INFO[0m [2mstreamhouse_storage::writer_pool[0m[2m:[0m Background flush completed [3mflushed[0m[2m=[0m6 [3merrors[0m[2m=[0m0 [3mtotal_writers[0m[2m=[0m6
[2m2026-02-02T12:17:01.683604Z[0m [32m INFO[0m [2mstreamhouse_storage::writer_pool[0m[2m:[0m Background flush completed [3mflushed[0m[2m=[0m6 [3merrors[0m[2m=[0m0 [3mtotal_writers[0m[2m=[0m6
[2m2026-02-02T12:17:06.683489Z[0m [32m INFO[0m [2mstreamhouse_storage::writer_pool[0m[2m:[0m Background flush completed [3mflushed[0m[2m=[0m6 [3merrors[0m[2m=[0m0 [3mtotal_writers[0m[2m=[0m6
[2m2026-02-02T12:17:11.684821Z[0m [32m INFO[0m [2mstreamhouse_storage::writer_pool[0m[2m:[0m Background flush completed [3mflushed[0m[2m=[0m6 [3merrors[0m[2m=[0m0 [3mtotal_writers[0m[2m=[0m6
[2m2026-02-02T12:17:16.683426Z[0m [32m INFO[0m [2mstreamhouse_storage::writer_pool[0m[2m:[0m Background flush completed [3mflushed[0m[2m=[0m6 [3merrors[0m[2m=[0m0 [3mtotal_writers[0m[2m=[0m6
[2m2026-02-02T12:17:21.682528Z[0m [32m INFO[0m [2mstreamhouse_storage::writer_pool[0m[2m:[0m Background flush completed [3mflushed[0m[2m=[0m6 [3merrors[0m[2m=[0m0 [3mtotal_writers[0m[2m=[0m6
[2m2026-02-02T12:17:26.683441Z[0m [32m INFO[0m [2mstreamhouse_storage::writer_pool[0m[2m:[0m Background flush completed [3mflushed[0m[2m=[0m6 [3merrors[0m[2m=[0m0 [3mtotal_writers[0m[2m=[0m6
[2m2026-02-02T12:17:31.682599Z[0m [32m INFO[0m [2mstreamhouse_storage::writer_pool[0m[2m:[0m Background flush completed [3mflushed[0m[2m=[0m6 [3merrors[0m[2m=[0m0 [3mtotal_writers[0m[2m=[0m6
[2m2026-02-02T12:17:36.682111Z[0m [32m INFO[0m [2mstreamhouse_storage::writer_pool[0m[2m:[0m Background flush completed [3mflushed[0m[2m=[0m6 [3merrors[0m[2m=[0m0 [3mtotal_writers[0m[2m=[0m6
[2m2026-02-02T12:17:41.683703Z[0m [32m INFO[0m [2mstreamhouse_storage::writer_pool[0m[2m:[0m Background flush completed [3mflushed[0m[2m=[0m6 [3merrors[0m[2m=[0m0 [3mtotal_writers[0m[2m=[0m6
[2m2026-02-02T12:17:46.683836Z[0m [32m INFO[0m [2mstreamhouse_storage::writer_pool[0m[2m:[0m Background flush completed [3mflushed[0m[2m=[0m6 [3merrors[0m[2m=[0m0 [3mtotal_writers[0m[2m=[0m6
[2m2026-02-02T12:17:51.683237Z[0m [32m INFO[0m [2mstreamhouse_storage::writer_pool[0m[2m:[0m Background flush completed [3mflushed[0m[2m=[0m6 [3merrors[0m[2m=[0m0 [3mtotal_writers[0m[2m=[0m6
[2m2026-02-02T12:17:56.684149Z[0m [32m INFO[0m [2mstreamhouse_storage::writer_pool[0m[2m:[0m Background flush completed [3mflushed[0m[2m=[0m6 [3merrors[0m[2m=[0m0 [3mtotal_writers[0m[2m=[0m6
[2m2026-02-02T12:18:01.684035Z[0m [32m INFO[0m [2mstreamhouse_storage::writer_pool[0m[2m:[0m Background flush completed [3mflushed[0m[2m=[0m6 [3merrors[0m[2m=[0m0 [3mtotal_writers[0m[2m=[0m6
[2m2026-02-02T12:18:06.682977Z[0m [32m INFO[0m [2mstreamhouse_storage::writer_pool[0m[2m:[0m Background flush completed [3mflushed[0m[2m=[0m6 [3merrors[0m[2m=[0m0 [3mtotal_writers[0m[2m=[0m6
[2m2026-02-02T12:18:11.683450Z[0m [32m INFO[0m [2mstreamhouse_storage::writer_pool[0m[2m:[0m Background flush completed [3mflushed[0m[2m=[0m6 [3merrors[0m[2m=[0m0 [3mtotal_writers[0m[2m=[0m6
[2m2026-02-02T12:18:16.686313Z[0m [32m INFO[0m [2mstreamhouse_storage::writer_pool[0m[2m:[0m Background flush completed [3mflushed[0m[2m=[0m6 [3merrors[0m[2m=[0m0 [3mtotal_writers[0m[2m=[0m6
[2m2026-02-02T12:18:21.683986Z[0m [32m INFO[0m [2mstreamhouse_storage::writer_pool[0m[2m:[0m Background flush completed [3mflushed[0m[2m=[0m6 [3merrors[0m[2m=[0m0 [3mtotal_writers[0m[2m=[0m6
[2m2026-02-02T12:18:26.685174Z[0m [32m INFO[0m [2mstreamhouse_storage::writer_pool[0m[2m:[0m Background flush completed [3mflushed[0m[2m=[0m6 [3merrors[0m[2m=[0m0 [3mtotal_writers[0m[2m=[0m6
[2m2026-02-02T12:18:31.684048Z[0m [32m INFO[0m [2mstreamhouse_storage::writer_pool[0m[2m:[0m Background flush completed [3mflushed[0m[2m=[0m6 [3merrors[0m[2m=[0m0 [3mtotal_writers[0m[2m=[0m6
[2m2026-02-02T12:18:36.684153Z[0m [32m INFO[0m [2mstreamhouse_storage::writer_pool[0m[2m:[0m Background flush completed [3mflushed[0m[2m=[0m6 [3merrors[0m[2m=[0m0 [3mtotal_writers[0m[2m=[0m6
[2m2026-02-02T12:18:41.684623Z[0m [32m INFO[0m [2mstreamhouse_storage::writer_pool[0m[2m:[0m Background flush completed [3mflushed[0m[2m=[0m6 [3merrors[0m[2m=[0m0 [3mtotal_writers[0m[2m=[0m6
[2m2026-02-02T12:18:46.683425Z[0m [32m INFO[0m [2mstreamhouse_storage::writer_pool[0m[2m:[0m Background flush completed [3mflushed[0m[2m=[0m6 [3merrors[0m[2m=[0m0 [3mtotal_writers[0m[2m=[0m6
[2m2026-02-02T12:18:51.683075Z[0m [32m INFO[0m [2mstreamhouse_storage::writer_pool[0m[2m:[0m Background flush completed [3mflushed[0m[2m=[0m6 [3merrors[0m[2m=[0m0 [3mtotal_writers[0m[2m=[0m6
[2m2026-02-02T12:18:56.683434Z[0m [32m INFO[0m [2mstreamhouse_storage::writer_pool[0m[2m:[0m Background flush completed [3mflushed[0m[2m=[0m6 [3merrors[0m[2m=[0m0 [3mtotal_writers[0m[2m=[0m6
[2m2026-02-02T12:19:01.683196Z[0m [32m INFO[0m [2mstreamhouse_storage::writer_pool[0m[2m:[0m Background flush completed [3mflushed[0m[2m=[0m6 [3merrors[0m[2m=[0m0 [3mtotal_writers[0m[2m=[0m6
[2m2026-02-02T12:19:06.683919Z[0m [32m INFO[0m [2mstreamhouse_storage::writer_pool[0m[2m:[0m Background flush completed [3mflushed[0m[2m=[0m6 [3merrors[0m[2m=[0m0 [3mtotal_writers[0m[2m=[0m6
[2m2026-02-02T12:19:11.683546Z[0m [32m INFO[0m [2mstreamhouse_storage::writer_pool[0m[2m:[0m Background flush completed [3mflushed[0m[2m=[0m6 [3merrors[0m[2m=[0m0 [3mtotal_writers[0m[2m=[0m6
[2m2026-02-02T12:19:16.683361Z[0m [32m INFO[0m [2mstreamhouse_storage::writer_pool[0m[2m:[0m Background flush completed [3mflushed[0m[2m=[0m6 [3merrors[0m[2m=[0m0 [3mtotal_writers[0m[2m=[0m6
[2m2026-02-02T12:19:21.683359Z[0m [32m INFO[0m [2mstreamhouse_storage::writer_pool[0m[2m:[0m Background flush completed [3mflushed[0m[2m=[0m6 [3merrors[0m[2m=[0m0 [3mtotal_writers[0m[2m=[0m6
[2m2026-02-02T12:19:26.683948Z[0m [32m INFO[0m [2mstreamhouse_storage::writer_pool[0m[2m:[0m Background flush completed [3mflushed[0m[2m=[0m6 [3merrors[0m[2m=[0m0 [3mtotal_writers[0m[2m=[0m6
[2m2026-02-02T12:19:31.683488Z[0m [32m INFO[0m [2mstreamhouse_storage::writer_pool[0m[2m:[0m Background flush completed [3mflushed[0m[2m=[0m6 [3merrors[0m[2m=[0m0 [3mtotal_writers[0m[2m=[0m6
[2m2026-02-02T12:19:36.683731Z[0m [32m INFO[0m [2mstreamhouse_storage::writer_pool[0m[2m:[0m Background flush completed [3mflushed[0m[2m=[0m6 [3merrors[0m[2m=[0m0 [3mtotal_writers[0m[2m=[0m6
[2m2026-02-02T12:19:41.683931Z[0m [32m INFO[0m [2mstreamhouse_storage::writer_pool[0m[2m:[0m Background flush completed [3mflushed[0m[2m=[0m6 [3merrors[0m[2m=[0m0 [3mtotal_writers[0m[2m=[0m6
[2m2026-02-02T12:19:46.684066Z[0m [32m INFO[0m [2mstreamhouse_storage::writer_pool[0m[2m:[0m Background flush completed [3mflushed[0m[2m=[0m6 [3merrors[0m[2m=[0m0 [3mtotal_writers[0m[2m=[0m6
[2m2026-02-02T12:19:51.683222Z[0m [32m INFO[0m [2mstreamhouse_storage::writer_pool[0m[2m:[0m Background flush completed [3mflushed[0m[2m=[0m6 [3merrors[0m[2m=[0m0 [3mtotal_writers[0m[2m=[0m6
[2m2026-02-02T12:19:56.683458Z[0m [32m INFO[0m [2mstreamhouse_storage::writer_pool[0m[2m:[0m Background flush completed [3mflushed[0m[2m=[0m6 [3merrors[0m[2m=[0m0 [3mtotal_writers[0m[2m=[0m6
[2m2026-02-02T12:20:01.683715Z[0m [32m INFO[0m [2mstreamhouse_storage::writer_pool[0m[2m:[0m Background flush completed [3mflushed[0m[2m=[0m6 [3merrors[0m[2m=[0m0 [3mtotal_writers[0m[2m=[0m6
[2m2026-02-02T12:20:06.683772Z[0m [32m INFO[0m [2mstreamhouse_storage::writer_pool[0m[2m:[0m Background flush completed [3mflushed[0m[2m=[0m6 [3merrors[0m[2m=[0m0 [3mtotal_writers[0m[2m=[0m6
[2m2026-02-02T12:20:11.683146Z[0m [32m INFO[0m [2mstreamhouse_storage::writer_pool[0m[2m:[0m Background flush completed [3mflushed[0m[2m=[0m6 [3merrors[0m[2m=[0m0 [3mtotal_writers[0m[2m=[0m6
[2m2026-02-02T12:20:16.683699Z[0m [32m INFO[0m [2mstreamhouse_storage::writer_pool[0m[2m:[0m Background flush completed [3mflushed[0m[2m=[0m6 [3merrors[0m[2m=[0m0 [3mtotal_writers[0m[2m=[0m6
[2m2026-02-02T12:20:21.683971Z[0m [32m INFO[0m [2mstreamhouse_storage::writer_pool[0m[2m:[0m Background flush completed [3mflushed[0m[2m=[0m6 [3merrors[0m[2m=[0m0 [3mtotal_writers[0m[2m=[0m6
[2m2026-02-02T12:20:26.683680Z[0m [32m INFO[0m [2mstreamhouse_storage::writer_pool[0m[2m:[0m Background flush completed [3mflushed[0m[2m=[0m6 [3merrors[0m[2m=[0m0 [3mtotal_writers[0m[2m=[0m6
[2m2026-02-02T12:20:31.683768Z[0m [32m INFO[0m [2mstreamhouse_storage::writer_pool[0m[2m:[0m Background flush completed [3mflushed[0m[2m=[0m6 [3merrors[0m[2m=[0m0 [3mtotal_writers[0m[2m=[0m6
[2m2026-02-02T12:20:36.683728Z[0m [32m INFO[0m [2mstreamhouse_storage::writer_pool[0m[2m:[0m Background flush completed [3mflushed[0m[2m=[0m6 [3merrors[0m[2m=[0m0 [3mtotal_writers[0m[2m=[0m6
[2m2026-02-02T12:20:41.683422Z[0m [32m INFO[0m [2mstreamhouse_storage::writer_pool[0m[2m:[0m Background flush completed [3mflushed[0m[2m=[0m6 [3merrors[0m[2m=[0m0 [3mtotal_writers[0m[2m=[0m6
[2m2026-02-02T12:20:46.684238Z[0m [32m INFO[0m [2mstreamhouse_storage::writer_pool[0m[2m:[0m Background flush completed [3mflushed[0m[2m=[0m6 [3merrors[0m[2m=[0m0 [3mtotal_writers[0m[2m=[0m6
[2m2026-02-02T12:20:51.682755Z[0m [32m INFO[0m [2mstreamhouse_storage::writer_pool[0m[2m:[0m Background flush completed [3mflushed[0m[2m=[0m6 [3merrors[0m[2m=[0m0 [3mtotal_writers[0m[2m=[0m6
[2m2026-02-02T12:20:56.683880Z[0m [32m INFO[0m [2mstreamhouse_storage::writer_pool[0m[2m:[0m Background flush completed [3mflushed[0m[2m=[0m6 [3merrors[0m[2m=[0m0 [3mtotal_writers[0m[2m=[0m6
[2m2026-02-02T12:21:01.684340Z[0m [32m INFO[0m [2mstreamhouse_storage::writer_pool[0m[2m:[0m Background flush completed [3mflushed[0m[2m=[0m6 [3merrors[0m[2m=[0m0 [3mtotal_writers[0m[2m=[0m6
[2m2026-02-02T12:21:06.683263Z[0m [32m INFO[0m [2mstreamhouse_storage::writer_pool[0m[2m:[0m Background flush completed [3mflushed[0m[2m=[0m6 [3merrors[0m[2m=[0m0 [3mtotal_writers[0m[2m=[0m6
[2m2026-02-02T12:21:11.683826Z[0m [32m INFO[0m [2mstreamhouse_storage::writer_pool[0m[2m:[0m Background flush completed [3mflushed[0m[2m=[0m6 [3merrors[0m[2m=[0m0 [3mtotal_writers[0m[2m=[0m6
[2m2026-02-02T12:21:16.683641Z[0m [32m INFO[0m [2mstreamhouse_storage::writer_pool[0m[2m:[0m Background flush completed [3mflushed[0m[2m=[0m6 [3merrors[0m[2m=[0m0 [3mtotal_writers[0m[2m=[0m6
[2m2026-02-02T12:21:21.683903Z[0m [32m INFO[0m [2mstreamhouse_storage::writer_pool[0m[2m:[0m Background flush completed [3mflushed[0m[2m=[0m6 [3merrors[0m[2m=[0m0 [3mtotal_writers[0m[2m=[0m6
[2m2026-02-02T12:21:26.684159Z[0m [32m INFO[0m [2mstreamhouse_storage::writer_pool[0m[2m:[0m Background flush completed [3mflushed[0m[2m=[0m6 [3merrors[0m[2m=[0m0 [3mtotal_writers[0m[2m=[0m6
[2m2026-02-02T12:21:31.687845Z[0m [32m INFO[0m [2mstreamhouse_storage::writer_pool[0m[2m:[0m Background flush completed [3mflushed[0m[2m=[0m6 [3merrors[0m[2m=[0m0 [3mtotal_writers[0m[2m=[0m6
[2m2026-02-02T12:21:36.684464Z[0m [32m INFO[0m [2mstreamhouse_storage::writer_pool[0m[2m:[0m Background flush completed [3mflushed[0m[2m=[0m6 [3merrors[0m[2m=[0m0 [3mtotal_writers[0m[2m=[0m6
[2m2026-02-02T12:21:41.683497Z[0m [32m INFO[0m [2mstreamhouse_storage::writer_pool[0m[2m:[0m Background flush completed [3mflushed[0m[2m=[0m6 [3merrors[0m[2m=[0m0 [3mtotal_writers[0m[2m=[0m6
[2m2026-02-02T12:21:46.683602Z[0m [32m INFO[0m [2mstreamhouse_storage::writer_pool[0m[2m:[0m Background flush completed [3mflushed[0m[2m=[0m6 [3merrors[0m[2m=[0m0 [3mtotal_writers[0m[2m=[0m6
[2m2026-02-02T12:21:51.688601Z[0m [32m INFO[0m [2mstreamhouse_storage::writer_pool[0m[2m:[0m Background flush completed [3mflushed[0m[2m=[0m6 [3merrors[0m[2m=[0m0 [3mtotal_writers[0m[2m=[0m6
